0 info it worked if it ends with ok
1 verbose cli [ '/usr/local/Cellar/node/0.12.7/bin/node',
1 verbose cli   '/usr/local/bin/npm',
1 verbose cli   'run',
1 verbose cli   'git' ]
2 info using npm@3.7.2
3 info using node@v5.6.0
4 verbose run-script [ 'pregit', 'git', 'postgit' ]
5 info lifecycle npm-build-system@1.0.0~pregit: npm-build-system@1.0.0
6 silly lifecycle npm-build-system@1.0.0~pregit: no script for pregit, continuing
7 info lifecycle npm-build-system@1.0.0~git: npm-build-system@1.0.0
8 verbose lifecycle npm-build-system@1.0.0~git: unsafe-perm in lifecycle true
9 verbose lifecycle npm-build-system@1.0.0~git: PATH: /usr/local/lib/node_modules/npm/bin/node-gyp-bin:/Users/davidtrinh/Desktop/projects/Thinkful/npm-build-system/node_modules/.bin:/usr/local/Cellar/node/0.12.7/bin:/Users/davidtrinh/.rvm/gems/ruby-2.2.1/bin:/Users/davidtrinh/.rvm/gems/ruby-2.2.1@global/bin:/Users/davidtrinh/.rvm/rubies/ruby-2.2.1/bin:/usr/local/heroku/bin:/usr/local/bin:/usr/bin:/bin:/usr/sbin:/sbin:/Users/davidtrinh/.rvm/bin:/Users/davidtrinh/.rvm/bin/Applications/Postgres.app/Contents/Versions/9.4/bin
10 verbose lifecycle npm-build-system@1.0.0~git: CWD: /Users/davidtrinh/Desktop/projects/Thinkful/npm-build-system
11 silly lifecycle npm-build-system@1.0.0~git: Args: [ '-c', 'npm run git:gh-pages && npm run git:push' ]
12 silly lifecycle npm-build-system@1.0.0~git: Returned: code: 1  signal: null
13 info lifecycle npm-build-system@1.0.0~git: Failed to exec git script
14 verbose stack Error: npm-build-system@1.0.0 git: `npm run git:gh-pages && npm run git:push`
14 verbose stack Exit status 1
14 verbose stack     at EventEmitter.<anonymous> (/usr/local/lib/node_modules/npm/lib/utils/lifecycle.js:239:16)
14 verbose stack     at emitTwo (events.js:100:13)
14 verbose stack     at EventEmitter.emit (events.js:185:7)
14 verbose stack     at ChildProcess.<anonymous> (/usr/local/lib/node_modules/npm/lib/utils/spawn.js:24:14)
14 verbose stack     at emitTwo (events.js:100:13)
14 verbose stack     at ChildProcess.emit (events.js:185:7)
14 verbose stack     at maybeClose (internal/child_process.js:827:16)
14 verbose stack     at Process.ChildProcess._handle.onexit (internal/child_process.js:211:5)
15 verbose pkgid npm-build-system@1.0.0
16 verbose cwd /Users/davidtrinh/Desktop/projects/Thinkful/npm-build-system
17 error Darwin 15.3.0
18 error argv "/usr/local/Cellar/node/0.12.7/bin/node" "/usr/local/bin/npm" "run" "git"
19 error node v5.6.0
20 error npm  v3.7.2
21 error code ELIFECYCLE
22 error npm-build-system@1.0.0 git: `npm run git:gh-pages && npm run git:push`
22 error Exit status 1
23 error Failed at the npm-build-system@1.0.0 git script 'npm run git:gh-pages && npm run git:push'.
23 error Make sure you have the latest version of node.js and npm installed.
23 error If you do, this is most likely a problem with the npm-build-system package,
23 error not with npm itself.
23 error Tell the author that this fails on your system:
23 error     npm run git:gh-pages && npm run git:push
23 error You can get information on how to open an issue for this project with:
23 error     npm bugs npm-build-system
23 error Or if that isn't available, you can get their info via:
23 error     npm owner ls npm-build-system
23 error There is likely additional logging output above.
24 verbose exit [ 1, true ]
